<?xml version="1.0" encoding="UTF-8"?>
<!-- Generated by org.testng.reporters.JUnitXMLReporter -->
<testsuite hostname="asimov404" name="Default test" tests="7" failures="0" timestamp="22 Apr 2016 03:05:52 GMT" time="1.937" errors="0">
  <testcase name="shouldReturnExceptionWhenIsnull" time="0.006" classname="com.southwest.training.test.TestMainMessage"/>
  <testcase name="shouldReturnSomeMessageWhenBadRequestStratey" time="0.003" classname="com.southwest.training.test.TestMainMessage"/>
  <testcase name="shouldReturnSomeMessageWhenBussinesRequestStratey" time="0.029" classname="com.southwest.training.test.TestMainMessage"/>
  <testcase name="shouldReturnSomeMessageWhenCompleteStratey" time="0.002" classname="com.southwest.training.test.TestMainMessage"/>
  <testcase name="shouldReturnSomeMessageWhenStrateyUnknown" time="0.002" classname="com.southwest.training.test.TestMainMessage"/>
  <testcase name="shouldReturnetStrategyResultWhenStrategyFactoryRecivedSolverInstace" time="0.002" classname="com.southwest.training.test.TestMainMessage"/>
  <testcase name="shouldSolverObjectBeNotNull" time="0.003" classname="com.southwest.training.test.TestMainMessage"/>
</testsuite> <!-- Default test -->
